{"/Users/luizaraujo/Desktop/Github/Web/Projects/UCB/UCB-Projeto-1_2024/profiler-site/src/presentation/helpers/http-status-code.js": {"path":"/Users/luizaraujo/Desktop/Github/Web/Projects/UCB/UCB-Projeto-1_2024/profiler-site/src/presentation/helpers/http-status-code.js","all":false,"statementMap":{"0":{"start":{"line":1,"column":0},"end":{"line":1,"column":57}},"1":{"start":{"line":2,"column":0},"end":{"line":2,"column":45}},"2":{"start":{"line":3,"column":0},"end":{"line":3,"column":0}},"3":{"start":{"line":4,"column":0},"end":{"line":4,"column":39}},"4":{"start":{"line":5,"column":0},"end":{"line":5,"column":21}},"5":{"start":{"line":6,"column":0},"end":{"line":6,"column":16}},"6":{"start":{"line":7,"column":0},"end":{"line":7,"column":28}},"7":{"start":{"line":8,"column":0},"end":{"line":8,"column":22}},"8":{"start":{"line":9,"column":0},"end":{"line":9,"column":9}},"9":{"start":{"line":10,"column":0},"end":{"line":10,"column":5}},"10":{"start":{"line":11,"column":0},"end":{"line":11,"column":0}},"11":{"start":{"line":12,"column":0},"end":{"line":12,"column":30}},"12":{"start":{"line":13,"column":0},"end":{"line":13,"column":16}},"13":{"start":{"line":14,"column":0},"end":{"line":14,"column":28}},"14":{"start":{"line":15,"column":0},"end":{"line":15,"column":23}},"15":{"start":{"line":16,"column":0},"end":{"line":16,"column":9}},"16":{"start":{"line":17,"column":0},"end":{"line":17,"column":5}},"17":{"start":{"line":18,"column":0},"end":{"line":18,"column":0}},"18":{"start":{"line":19,"column":0},"end":{"line":19,"column":27}},"19":{"start":{"line":20,"column":0},"end":{"line":20,"column":16}},"20":{"start":{"line":21,"column":0},"end":{"line":21,"column":28}},"21":{"start":{"line":22,"column":0},"end":{"line":22,"column":41}},"22":{"start":{"line":23,"column":0},"end":{"line":23,"column":9}},"23":{"start":{"line":24,"column":0},"end":{"line":24,"column":5}},"24":{"start":{"line":25,"column":0},"end":{"line":25,"column":0}},"25":{"start":{"line":26,"column":0},"end":{"line":26,"column":29}},"26":{"start":{"line":27,"column":0},"end":{"line":27,"column":16}},"27":{"start":{"line":28,"column":0},"end":{"line":28,"column":28}},"28":{"start":{"line":29,"column":0},"end":{"line":29,"column":35}},"29":{"start":{"line":30,"column":0},"end":{"line":30,"column":9}},"30":{"start":{"line":31,"column":0},"end":{"line":31,"column":5}},"31":{"start":{"line":32,"column":0},"end":{"line":32,"column":1}}},"s":{"0":1,"1":1,"2":1,"3":1,"4":1,"5":3,"6":3,"7":3,"8":3,"9":3,"10":1,"11":1,"12":3,"13":3,"14":3,"15":3,"16":3,"17":1,"18":1,"19":1,"20":1,"21":1,"22":1,"23":1,"24":1,"25":1,"26":8,"27":8,"28":8,"29":8,"30":8,"31":1},"branchMap":{"0":{"type":"branch","line":5,"loc":{"start":{"line":5,"column":11},"end":{"line":10,"column":5}},"locations":[{"start":{"line":5,"column":11},"end":{"line":10,"column":5}}]},"1":{"type":"branch","line":12,"loc":{"start":{"line":12,"column":11},"end":{"line":17,"column":5}},"locations":[{"start":{"line":12,"column":11},"end":{"line":17,"column":5}}]},"2":{"type":"branch","line":19,"loc":{"start":{"line":19,"column":11},"end":{"line":24,"column":5}},"locations":[{"start":{"line":19,"column":11},"end":{"line":24,"column":5}}]},"3":{"type":"branch","line":26,"loc":{"start":{"line":26,"column":11},"end":{"line":31,"column":5}},"locations":[{"start":{"line":26,"column":11},"end":{"line":31,"column":5}}]}},"b":{"0":[3],"1":[3],"2":[1],"3":[8]},"fnMap":{"0":{"name":"ok","decl":{"start":{"line":5,"column":11},"end":{"line":10,"column":5}},"loc":{"start":{"line":5,"column":11},"end":{"line":10,"column":5}},"line":5},"1":{"name":"badRequest","decl":{"start":{"line":12,"column":11},"end":{"line":17,"column":5}},"loc":{"start":{"line":12,"column":11},"end":{"line":17,"column":5}},"line":12},"2":{"name":"unauthorized","decl":{"start":{"line":19,"column":11},"end":{"line":24,"column":5}},"loc":{"start":{"line":19,"column":11},"end":{"line":24,"column":5}},"line":19},"3":{"name":"internalServer","decl":{"start":{"line":26,"column":11},"end":{"line":31,"column":5}},"loc":{"start":{"line":26,"column":11},"end":{"line":31,"column":5}},"line":26}},"f":{"0":3,"1":3,"2":1,"3":8}}
,"/Users/luizaraujo/Desktop/Github/Web/Projects/UCB/UCB-Projeto-1_2024/profiler-site/src/presentation/helpers/invalid-params-error.js": {"path":"/Users/luizaraujo/Desktop/Github/Web/Projects/UCB/UCB-Projeto-1_2024/profiler-site/src/presentation/helpers/invalid-params-error.js","all":false,"statementMap":{"0":{"start":{"line":1,"column":0},"end":{"line":1,"column":56}},"1":{"start":{"line":2,"column":0},"end":{"line":2,"column":28}},"2":{"start":{"line":3,"column":0},"end":{"line":3,"column":44}},"3":{"start":{"line":4,"column":0},"end":{"line":4,"column":39}},"4":{"start":{"line":5,"column":0},"end":{"line":5,"column":5}},"5":{"start":{"line":6,"column":0},"end":{"line":6,"column":1}}},"s":{"0":1,"1":1,"2":2,"3":2,"4":2,"5":1},"branchMap":{"0":{"type":"branch","line":2,"loc":{"start":{"line":2,"column":4},"end":{"line":5,"column":5}},"locations":[{"start":{"line":2,"column":4},"end":{"line":5,"column":5}}]}},"b":{"0":[2]},"fnMap":{"0":{"name":"InvalidParamError","decl":{"start":{"line":2,"column":4},"end":{"line":5,"column":5}},"loc":{"start":{"line":2,"column":4},"end":{"line":5,"column":5}},"line":2}},"f":{"0":2}}
,"/Users/luizaraujo/Desktop/Github/Web/Projects/UCB/UCB-Projeto-1_2024/profiler-site/src/presentation/helpers/missing-params-error.js": {"path":"/Users/luizaraujo/Desktop/Github/Web/Projects/UCB/UCB-Projeto-1_2024/profiler-site/src/presentation/helpers/missing-params-error.js","all":false,"statementMap":{"0":{"start":{"line":1,"column":0},"end":{"line":1,"column":56}},"1":{"start":{"line":2,"column":0},"end":{"line":2,"column":28}},"2":{"start":{"line":3,"column":0},"end":{"line":3,"column":44}},"3":{"start":{"line":4,"column":0},"end":{"line":4,"column":39}},"4":{"start":{"line":5,"column":0},"end":{"line":5,"column":5}},"5":{"start":{"line":6,"column":0},"end":{"line":6,"column":1}}},"s":{"0":1,"1":1,"2":4,"3":4,"4":4,"5":1},"branchMap":{"0":{"type":"branch","line":2,"loc":{"start":{"line":2,"column":4},"end":{"line":5,"column":5}},"locations":[{"start":{"line":2,"column":4},"end":{"line":5,"column":5}}]}},"b":{"0":[4]},"fnMap":{"0":{"name":"MissingParamError","decl":{"start":{"line":2,"column":4},"end":{"line":5,"column":5}},"loc":{"start":{"line":2,"column":4},"end":{"line":5,"column":5}},"line":2}},"f":{"0":4}}
,"/Users/luizaraujo/Desktop/Github/Web/Projects/UCB/UCB-Projeto-1_2024/profiler-site/src/presentation/helpers/server-error.js": {"path":"/Users/luizaraujo/Desktop/Github/Web/Projects/UCB/UCB-Projeto-1_2024/profiler-site/src/presentation/helpers/server-error.js","all":false,"statementMap":{"0":{"start":{"line":1,"column":0},"end":{"line":1,"column":50}},"1":{"start":{"line":2,"column":0},"end":{"line":2,"column":19}},"2":{"start":{"line":3,"column":0},"end":{"line":3,"column":68}},"3":{"start":{"line":4,"column":0},"end":{"line":4,"column":33}},"4":{"start":{"line":5,"column":0},"end":{"line":5,"column":5}},"5":{"start":{"line":6,"column":0},"end":{"line":6,"column":1}}},"s":{"0":1,"1":1,"2":13,"3":13,"4":13,"5":1},"branchMap":{"0":{"type":"branch","line":2,"loc":{"start":{"line":2,"column":4},"end":{"line":5,"column":5}},"locations":[{"start":{"line":2,"column":4},"end":{"line":5,"column":5}}]}},"b":{"0":[13]},"fnMap":{"0":{"name":"ServerError","decl":{"start":{"line":2,"column":4},"end":{"line":5,"column":5}},"loc":{"start":{"line":2,"column":4},"end":{"line":5,"column":5}},"line":2}},"f":{"0":13}}
,"/Users/luizaraujo/Desktop/Github/Web/Projects/UCB/UCB-Projeto-1_2024/profiler-site/src/presentation/helpers/unauthorized-error.js": {"path":"/Users/luizaraujo/Desktop/Github/Web/Projects/UCB/UCB-Projeto-1_2024/profiler-site/src/presentation/helpers/unauthorized-error.js","all":false,"statementMap":{"0":{"start":{"line":1,"column":0},"end":{"line":1,"column":56}},"1":{"start":{"line":2,"column":0},"end":{"line":2,"column":19}},"2":{"start":{"line":3,"column":0},"end":{"line":3,"column":29}},"3":{"start":{"line":4,"column":0},"end":{"line":4,"column":39}},"4":{"start":{"line":5,"column":0},"end":{"line":5,"column":5}},"5":{"start":{"line":6,"column":0},"end":{"line":6,"column":1}}},"s":{"0":1,"1":1,"2":2,"3":2,"4":2,"5":1},"branchMap":{"0":{"type":"branch","line":2,"loc":{"start":{"line":2,"column":4},"end":{"line":5,"column":5}},"locations":[{"start":{"line":2,"column":4},"end":{"line":5,"column":5}}]}},"b":{"0":[2]},"fnMap":{"0":{"name":"UnauthorizedError","decl":{"start":{"line":2,"column":4},"end":{"line":5,"column":5}},"loc":{"start":{"line":2,"column":4},"end":{"line":5,"column":5}},"line":2}},"f":{"0":2}}
,"/Users/luizaraujo/Desktop/Github/Web/Projects/UCB/UCB-Projeto-1_2024/profiler-site/src/presentation/routers/login-router.js": {"path":"/Users/luizaraujo/Desktop/Github/Web/Projects/UCB/UCB-Projeto-1_2024/profiler-site/src/presentation/routers/login-router.js","all":false,"statementMap":{"0":{"start":{"line":1,"column":0},"end":{"line":1,"column":61}},"1":{"start":{"line":2,"column":0},"end":{"line":2,"column":68}},"2":{"start":{"line":3,"column":0},"end":{"line":3,"column":68}},"3":{"start":{"line":4,"column":0},"end":{"line":4,"column":0}},"4":{"start":{"line":5,"column":0},"end":{"line":5,"column":36}},"5":{"start":{"line":6,"column":0},"end":{"line":6,"column":46}},"6":{"start":{"line":7,"column":0},"end":{"line":7,"column":38}},"7":{"start":{"line":8,"column":0},"end":{"line":8,"column":44}},"8":{"start":{"line":9,"column":0},"end":{"line":9,"column":5}},"9":{"start":{"line":10,"column":0},"end":{"line":10,"column":4}},"10":{"start":{"line":11,"column":0},"end":{"line":11,"column":30}},"11":{"start":{"line":12,"column":0},"end":{"line":12,"column":13}},"12":{"start":{"line":13,"column":0},"end":{"line":13,"column":56}},"13":{"start":{"line":14,"column":0},"end":{"line":14,"column":4}},"14":{"start":{"line":15,"column":0},"end":{"line":15,"column":24}},"15":{"start":{"line":16,"column":0},"end":{"line":16,"column":80}},"16":{"start":{"line":17,"column":0},"end":{"line":17,"column":13}},"17":{"start":{"line":18,"column":0},"end":{"line":18,"column":0}},"18":{"start":{"line":19,"column":0},"end":{"line":19,"column":59}},"19":{"start":{"line":20,"column":0},"end":{"line":20,"column":53}},"20":{"start":{"line":21,"column":0},"end":{"line":21,"column":80}},"21":{"start":{"line":22,"column":0},"end":{"line":22,"column":13}},"22":{"start":{"line":23,"column":0},"end":{"line":23,"column":4}},"23":{"start":{"line":24,"column":0},"end":{"line":24,"column":27}},"24":{"start":{"line":25,"column":0},"end":{"line":25,"column":83}},"25":{"start":{"line":26,"column":0},"end":{"line":26,"column":13}},"26":{"start":{"line":27,"column":0},"end":{"line":27,"column":4}},"27":{"start":{"line":28,"column":0},"end":{"line":28,"column":75}},"28":{"start":{"line":29,"column":0},"end":{"line":29,"column":4}},"29":{"start":{"line":30,"column":0},"end":{"line":30,"column":30}},"30":{"start":{"line":31,"column":0},"end":{"line":31,"column":52}},"31":{"start":{"line":32,"column":0},"end":{"line":32,"column":13}},"32":{"start":{"line":33,"column":0},"end":{"line":33,"column":12}},"33":{"start":{"line":34,"column":0},"end":{"line":34,"column":53}},"34":{"start":{"line":35,"column":0},"end":{"line":35,"column":25}},"35":{"start":{"line":36,"column":0},"end":{"line":36,"column":50}},"36":{"start":{"line":37,"column":0},"end":{"line":37,"column":9}},"37":{"start":{"line":38,"column":0},"end":{"line":38,"column":5}},"38":{"start":{"line":39,"column":0},"end":{"line":39,"column":1}}},"s":{"0":1,"1":1,"2":1,"3":1,"4":1,"5":1,"6":15,"7":15,"8":15,"9":1,"10":1,"11":15,"12":15,"13":15,"14":15,"15":1,"16":1,"17":12,"18":12,"19":15,"20":1,"21":1,"22":5,"23":15,"24":1,"25":1,"26":4,"27":4,"28":4,"29":15,"30":1,"31":1,"32":3,"33":3,"34":15,"35":8,"36":8,"37":15,"38":1},"branchMap":{"0":{"type":"branch","line":6,"loc":{"start":{"line":6,"column":4},"end":{"line":9,"column":5}},"locations":[{"start":{"line":6,"column":4},"end":{"line":9,"column":5}}]},"1":{"type":"branch","line":11,"loc":{"start":{"line":11,"column":4},"end":{"line":38,"column":5}},"locations":[{"start":{"line":11,"column":4},"end":{"line":38,"column":5}}]},"2":{"type":"branch","line":15,"loc":{"start":{"line":15,"column":23},"end":{"line":17,"column":13}},"locations":[{"start":{"line":15,"column":23},"end":{"line":17,"column":13}}]},"3":{"type":"branch","line":17,"loc":{"start":{"line":17,"column":12},"end":{"line":20,"column":52}},"locations":[{"start":{"line":17,"column":12},"end":{"line":20,"column":52}}]},"4":{"type":"branch","line":20,"loc":{"start":{"line":20,"column":52},"end":{"line":22,"column":13}},"locations":[{"start":{"line":20,"column":52},"end":{"line":22,"column":13}}]},"5":{"type":"branch","line":22,"loc":{"start":{"line":22,"column":12},"end":{"line":24,"column":26}},"locations":[{"start":{"line":22,"column":12},"end":{"line":24,"column":26}}]},"6":{"type":"branch","line":24,"loc":{"start":{"line":24,"column":26},"end":{"line":26,"column":13}},"locations":[{"start":{"line":24,"column":26},"end":{"line":26,"column":13}}]},"7":{"type":"branch","line":26,"loc":{"start":{"line":26,"column":12},"end":{"line":30,"column":29}},"locations":[{"start":{"line":26,"column":12},"end":{"line":30,"column":29}}]},"8":{"type":"branch","line":30,"loc":{"start":{"line":30,"column":29},"end":{"line":32,"column":13}},"locations":[{"start":{"line":30,"column":29},"end":{"line":32,"column":13}}]},"9":{"type":"branch","line":32,"loc":{"start":{"line":32,"column":12},"end":{"line":35,"column":10}},"locations":[{"start":{"line":32,"column":12},"end":{"line":35,"column":10}}]},"10":{"type":"branch","line":35,"loc":{"start":{"line":35,"column":10},"end":{"line":37,"column":9}},"locations":[{"start":{"line":35,"column":10},"end":{"line":37,"column":9}}]}},"b":{"0":[15],"1":[15],"2":[1],"3":[12],"4":[1],"5":[5],"6":[1],"7":[4],"8":[1],"9":[3],"10":[8]},"fnMap":{"0":{"name":"LoginRouter","decl":{"start":{"line":6,"column":4},"end":{"line":9,"column":5}},"loc":{"start":{"line":6,"column":4},"end":{"line":9,"column":5}},"line":6},"1":{"name":"route","decl":{"start":{"line":11,"column":4},"end":{"line":38,"column":5}},"loc":{"start":{"line":11,"column":4},"end":{"line":38,"column":5}},"line":11}},"f":{"0":15,"1":15}}
}
