TN:
SF:src/presentation/errors/index.js
FNF:0
FNH:0
DA:1,1
DA:2,1
DA:3,1
DA:4,1
DA:5,1
DA:6,1
DA:7,1
DA:8,1
DA:9,1
DA:10,1
DA:11,1
LF:11
LH:11
BRF:0
BRH:0
end_of_record
TN:
SF:src/presentation/errors/invalid-params-error.js
FN:2,InvalidParamError
FNF:1
FNH:1
FNDA:2,InvalidParamError
DA:1,1
DA:2,1
DA:3,2
DA:4,2
DA:5,2
DA:6,1
LF:6
LH:6
BRDA:2,0,0,2
BRF:1
BRH:1
end_of_record
TN:
SF:src/presentation/errors/missing-params-error.js
FN:2,MissingParamError
FNF:1
FNH:1
FNDA:4,MissingParamError
DA:1,1
DA:2,1
DA:3,4
DA:4,4
DA:5,4
DA:6,1
LF:6
LH:6
BRDA:2,0,0,4
BRF:1
BRH:1
end_of_record
TN:
SF:src/presentation/errors/server-error.js
FN:2,ServerError
FNF:1
FNH:1
FNDA:13,ServerError
DA:1,1
DA:2,1
DA:3,13
DA:4,13
DA:5,13
DA:6,1
LF:6
LH:6
BRDA:2,0,0,13
BRF:1
BRH:1
end_of_record
TN:
SF:src/presentation/errors/unauthorized-error.js
FN:2,UnauthorizedError
FNF:1
FNH:1
FNDA:2,UnauthorizedError
DA:1,1
DA:2,1
DA:3,2
DA:4,2
DA:5,2
DA:6,1
LF:6
LH:6
BRDA:2,0,0,2
BRF:1
BRH:1
end_of_record
TN:
SF:src/presentation/helpers/http-status-code.js
FN:4,ok
FN:11,badRequest
FN:18,unauthorized
FN:25,internalServer
FNF:4
FNH:4
FNDA:3,ok
FNDA:3,badRequest
FNDA:1,unauthorized
FNDA:8,internalServer
DA:1,1
DA:2,1
DA:3,1
DA:4,1
DA:5,3
DA:6,3
DA:7,3
DA:8,3
DA:9,3
DA:10,1
DA:11,1
DA:12,3
DA:13,3
DA:14,3
DA:15,3
DA:16,3
DA:17,1
DA:18,1
DA:19,1
DA:20,1
DA:21,1
DA:22,1
DA:23,1
DA:24,1
DA:25,1
DA:26,8
DA:27,8
DA:28,8
DA:29,8
DA:30,8
DA:31,1
LF:31
LH:31
BRDA:4,0,0,3
BRDA:11,1,0,3
BRDA:18,2,0,1
BRDA:25,3,0,8
BRF:4
BRH:4
end_of_record
TN:
SF:src/presentation/routers/login-router.js
FN:5,LoginRouter
FN:10,route
FNF:2
FNH:2
FNDA:15,LoginRouter
FNDA:15,route
DA:1,1
DA:2,1
DA:3,1
DA:4,1
DA:5,1
DA:6,15
DA:7,15
DA:8,15
DA:9,1
DA:10,1
DA:11,15
DA:12,15
DA:13,15
DA:14,15
DA:15,1
DA:16,1
DA:17,12
DA:18,12
DA:19,15
DA:20,1
DA:21,1
DA:22,5
DA:23,15
DA:24,1
DA:25,1
DA:26,4
DA:27,4
DA:28,4
DA:29,15
DA:30,1
DA:31,1
DA:32,3
DA:33,3
DA:34,15
DA:35,8
DA:36,8
DA:37,15
DA:38,1
LF:38
LH:38
BRDA:5,0,0,15
BRDA:10,1,0,15
BRDA:14,2,0,1
BRDA:16,3,0,12
BRDA:19,4,0,1
BRDA:21,5,0,5
BRDA:23,6,0,1
BRDA:25,7,0,4
BRDA:29,8,0,1
BRDA:31,9,0,3
BRDA:34,10,0,8
BRF:11
BRH:11
end_of_record
