TN:
SF:src/presentation/routers/login-router.js
FN:5,LoginRouter
FN:10,route
FNF:2
FNH:2
FNDA:15,LoginRouter
FNDA:15,route
DA:1,1
DA:2,1
DA:3,1
DA:4,1
DA:5,1
DA:6,15
DA:7,15
DA:8,15
DA:9,1
DA:10,1
DA:11,15
DA:12,15
DA:13,15
DA:14,15
DA:15,15
DA:16,1
DA:17,1
DA:18,12
DA:19,12
DA:20,15
DA:21,1
DA:22,1
DA:23,5
DA:24,15
DA:25,1
DA:26,1
DA:27,4
DA:28,4
DA:29,4
DA:30,15
DA:31,1
DA:32,1
DA:33,3
DA:34,3
DA:35,15
DA:36,8
DA:37,8
DA:38,15
DA:39,1
LF:39
LH:39
BRDA:5,0,0,15
BRDA:10,1,0,15
BRDA:15,2,0,1
BRDA:17,3,0,12
BRDA:20,4,0,1
BRDA:22,5,0,5
BRDA:24,6,0,1
BRDA:26,7,0,4
BRDA:30,8,0,1
BRDA:32,9,0,3
BRDA:35,10,0,8
BRF:11
BRH:11
end_of_record
